Arguments: 
  C:\Program Files\nodejs\node.exe C:\Program Files (x86)\Yarn\bin\yarn.js

PATH: 
  C:\cmder\bin;C:\cmder\vendor\bin;C:\cmder\vendor\conemu-maximus5\ConEmu\Scripts;C:\cmder\vendor\conemu-maximus5;C:\cmder\vendor\conemu-maximus5\ConEmu;C:\Python39\Scripts\;C:\Python39\;C:\Program Files (x86)\Common Files\Oracle\Java\javapath;C:\Python27\;C:\Python27\Scripts;C:\WINDOWS\system32;C:\WINDOWS;C:\WINDOWS\System32\Wbem;C:\WINDOWS\System32\WindowsPowerShell\v1.0\;C:\WINDOWS\System32\OpenSSH\;C:\ProgramData\chocolatey\bin;C:\Program Files (x86)\Yarn\bin\;C:\Program Files (x86)\Microsoft SQL Server\150\Tools\Binn\;C:\Program Files\Microsoft SQL Server\150\Tools\Binn\;C:\Program Files\Microsoft SQL Server\150\DTS\Binn\;C:\Program Files\Microsoft SQL Server\Client SDK\ODBC\170\Tools\Binn\;C:\Program Files (x86)\NVIDIA Corporation\PhysX\Common;C:\Program Files\NVIDIA Corporation\NVIDIA NvDLISR;C:\WINDOWS\system32;C:\WINDOWS;C:\WINDOWS\System32\Wbem;C:\WINDOWS\System32\WindowsPowerShell\v1.0\;C:\WINDOWS\System32\OpenSSH\;C:\Program Files\Java\jdk1.8.0_211\bin;C:\Users\CAFFEEE\AppData\Local\Android\Sdk\emulator;C:\Users\CAFFEEE\AppData\Local\Android\Sdk\tools;C:\Users\CAFFEEE\AppData\Local\Android\Sdk\tools\bin;C:\Users\CAFFEEE\AppData\Local\Android\Sdk\platform-tools;C:\Program Files\dotnet\;C:\Program Files\nodejs\;C:\Program Files\MySQL\MySQL Shell 8.0\bin\;C:\Users\CAFFEEE\AppData\Local\Microsoft\WindowsApps;C:\Users\CAFFEEE\AppData\Local\Yarn\bin;C:\Users\CAFFEEE\AppData\Local\Programs\Microsoft VS Code\bin;C:\platform-tools;C:\Users\CAFFEEE\AppData\Roaming\npm;C:\cmder\vendor\git-for-windows\cmd;C:\cmder\vendor\git-for-windows\mingw64\bin;C:\cmder\vendor\git-for-windows\usr\bin;C:\cmder

Yarn version: 
  1.22.0

Node version: 
  14.17.1

Platform: 
  win32 x64

Trace: 
  Error: UNKNOWN: unknown error, unlink 'C:\Users\CAFFEEE\AppData\Local\Yarn\Cache\v6\npm-react-native-0.63.2-a3d42e4135c891cf15a335cf69922e96507d6b8d\node_modules\react-native\ReactAndroid\src\main'

npm manifest: 
  {
    "main": "node_modules/expo/AppEntry.js",
    "scripts": {
      "start": "expo start",
      "android": "expo start --android",
      "ios": "expo start --ios",
      "web": "expo start --web",
      "eject": "expo eject"
    },
    "dependencies": {
      "@react-native-community/masked-view": "^0.1.11",
      "@react-navigation/bottom-tabs": "^5.11.11",
      "@react-navigation/native": "^5.9.4",
      "@react-navigation/stack": "^5.14.5",
      "@types/styled-components-react-native": "^5.1.1",
      "expo": "~41.0.1",
      "expo-linear-gradient": "^9.1.0",
      "expo-status-bar": "~1.0.4",
      "react": "16.13.1",
      "react-dom": "16.13.1",
      "react-native": "https://github.com/expo/react-native/archive/sdk-41.0.0.tar.gz",
      "react-native-gesture-handler": "^1.10.3",
      "react-native-reanimated": "^2.2.0",
      "react-native-safe-area-context": "^3.2.0",
      "react-native-screens": "^3.4.0",
      "react-native-web": "~0.13.12",
      "styled-components": "^5.3.0",
      "tslib": "^2.3.0"
    },
    "resolutions": {
      "styled-components": "^5"
    },
    "devDependencies": {
      "@babel/core": "^7.9.0",
      "@types/react": "~16.9.35",
      "@types/react-native": "~0.63.2",
      "@types/styled-components": "^5.1.10",
      "typescript": "~4.0.0"
    },
    "private": true
  }

yarn manifest: 
  No manifest

Lockfile: 
  No lockfile
